<?xml version="1.0" encoding="UTF-8"?>
<!-- Generated by org.testng.reporters.JUnitReportReporter -->
<testsuite hostname="Sonal" failures="0" tests="1" name="testcase.LoginBase" time="4.295" errors="0" timestamp="2024-12-10T13:14:10 IST" skipped="0">
  <testcase classname="testcase.LoginBase" name="testlogin" time="4.295"/>
</testsuite> <!-- testcase.LoginBase -->
